2026-05-14 18:48:06,811 [flam.orchestrator] INFO — [nginx] starting → tmux session 'FlamNginx'
2026-05-14 18:48:06,859 [flam.orchestrator] INFO — [nginx] ✓ started
2026-05-14 18:48:06,874 [flam.orchestrator] INFO — [cloudflare] starting → tmux session 'FlamCloudflaredWeb'
2026-05-14 18:48:06,916 [flam.orchestrator] INFO — [cloudflare] ✓ started
2026-05-14 18:48:06,931 [flam.orchestrator] INFO — [weather] starting → tmux session 'FlamWebserver'
2026-05-14 18:48:06,978 [flam.orchestrator] INFO — [weather] ✓ started
2026-05-14 18:48:06,991 [flam.orchestrator] INFO — [maps] starting → tmux session 'FlamMaps'
2026-05-14 18:48:07,037 [flam.orchestrator] INFO — [maps] ✓ started
2026-05-15 02:54:18,437 [flam.orchestrator] INFO — [nginx] already stopped
2026-05-15 02:54:18,441 [flam.orchestrator] INFO — [root-web] already stopped
2026-05-15 02:54:18,447 [flam.orchestrator] INFO — [cf-root] already stopped
2026-05-15 02:54:18,452 [flam.orchestrator] INFO — [auth] already stopped
2026-05-15 02:54:18,457 [flam.orchestrator] INFO — [cf-auth] already stopped
2026-05-15 02:54:18,461 [flam.orchestrator] INFO — [chat] already stopped
2026-05-15 02:54:18,466 [flam.orchestrator] INFO — [cf-chat] already stopped
2026-05-15 02:54:18,470 [flam.orchestrator] INFO — [maps] already stopped
2026-05-15 02:54:18,475 [flam.orchestrator] INFO — [cf-maps] already stopped
2026-05-15 02:54:18,480 [flam.orchestrator] INFO — [games] already stopped
2026-05-15 02:54:18,485 [flam.orchestrator] INFO — [cf-games] already stopped
2026-05-15 02:54:18,490 [flam.orchestrator] INFO — [hypntyz] already stopped
2026-05-15 02:54:18,495 [flam.orchestrator] INFO — [cf-hypntyz] already stopped
2026-05-15 02:54:18,500 [flam.orchestrator] INFO — [ingestion] already stopped
2026-05-15 02:54:18,504 [flam.orchestrator] INFO — [cf-ingestion] already stopped
2026-05-15 02:54:18,509 [flam.orchestrator] INFO — [crm-frontend] already stopped
2026-05-15 02:54:18,514 [flam.orchestrator] INFO — [crm-backend] already stopped
2026-05-15 02:54:18,518 [flam.orchestrator] INFO — [crm-celery] already stopped
2026-05-15 02:54:18,523 [flam.orchestrator] INFO — [crm-redis] already stopped
2026-05-15 02:54:18,528 [flam.orchestrator] INFO — [cf-crm] already stopped
2026-05-15 02:54:18,532 [flam.orchestrator] INFO — [pangea-analytics] already stopped
2026-05-15 02:54:18,537 [flam.orchestrator] INFO — [pangea-api-gateway] already stopped
2026-05-15 02:54:18,550 [flam.orchestrator] INFO — [pangea-auth] already stopped
2026-05-15 02:54:18,555 [flam.orchestrator] INFO — [pangea-blockchain] already stopped
2026-05-15 02:54:18,559 [flam.orchestrator] INFO — [pangea-core-comm] already stopped
2026-05-15 02:54:18,564 [flam.orchestrator] INFO — [pangea-customer] already stopped
2026-05-15 02:54:18,569 [flam.orchestrator] INFO — [pangea-customs] already stopped
2026-05-15 02:54:18,574 [flam.orchestrator] INFO — [pangea-driver-location] already stopped
2026-05-15 02:54:18,579 [flam.orchestrator] INFO — [pangea-eta] already stopped
2026-05-15 02:54:18,584 [flam.orchestrator] INFO — [pangea-event-bus] already stopped
2026-05-15 02:54:18,588 [flam.orchestrator] INFO — [pangea-frontend] already stopped
2026-05-15 02:54:18,593 [flam.orchestrator] INFO — [pangea-inventory] already stopped
2026-05-15 02:54:18,598 [flam.orchestrator] INFO — [pangea-map] already stopped
2026-05-15 02:54:18,603 [flam.orchestrator] INFO — [pangea-motoculture] already stopped
2026-05-15 02:54:18,608 [flam.orchestrator] INFO — [pangea-notification] already stopped
2026-05-15 02:54:18,613 [flam.orchestrator] INFO — [pangea-orch] already stopped
2026-05-15 02:54:18,617 [flam.orchestrator] INFO — [pangea-order] already stopped
2026-05-15 02:54:18,623 [flam.orchestrator] INFO — [pangea-payment] already stopped
2026-05-15 02:54:18,630 [flam.orchestrator] INFO — [pangea-pricing] already stopped
2026-05-15 02:54:18,643 [flam.orchestrator] INFO — [pangea-product] already stopped
2026-05-15 02:54:18,647 [flam.orchestrator] INFO — [pangea-ride-matching] already stopped
2026-05-15 02:54:18,651 [flam.orchestrator] INFO — [pangea-routing] already stopped
2026-05-15 02:54:18,655 [flam.orchestrator] INFO — [pangea-superbase] already stopped
2026-05-15 02:54:18,660 [flam.orchestrator] INFO — [pangea-traffic] already stopped
2026-05-15 02:54:18,665 [flam.orchestrator] INFO — [pangea-user-management] already stopped
2026-05-17 01:22:11,773 [flam.orchestrator] INFO — [nginx] starting → tmux session 'FlamNginx'
2026-05-17 01:22:11,780 [flam.orchestrator] INFO — [nginx] ✓ started
2026-05-17 01:31:04,425 [flam.orchestrator] INFO — [nginx] stopping session 'FlamNginx'
2026-05-17 01:31:04,436 [flam.orchestrator] INFO — [nginx] ✓ stopped
2026-05-17 01:31:05,444 [flam.orchestrator] INFO — [nginx] starting → tmux session 'FlamNginx'
2026-05-17 01:31:05,449 [flam.orchestrator] INFO — [nginx] ✓ started
2026-05-17 01:31:05,455 [flam.orchestrator] INFO — [root-web] already stopped
2026-05-17 01:31:06,460 [flam.orchestrator] INFO — [root-web] starting → tmux session 'FlamRootWeb'
2026-05-17 01:31:06,467 [flam.orchestrator] INFO — [root-web] ✓ started
2026-05-17 01:31:06,472 [flam.orchestrator] INFO — [cf-root] already stopped
2026-05-17 01:31:07,478 [flam.orchestrator] INFO — [cf-root] starting → tmux session 'FlamTunnelRoot'
2026-05-17 01:31:07,483 [flam.orchestrator] INFO — [cf-root] ✓ started
2026-05-17 01:31:07,488 [flam.orchestrator] INFO — [auth] already stopped
2026-05-17 01:31:08,493 [flam.orchestrator] INFO — [auth] starting → tmux session 'FlamAuth'
2026-05-17 01:31:08,501 [flam.orchestrator] INFO — [auth] ✓ started
2026-05-17 01:31:08,507 [flam.orchestrator] INFO — [cf-auth] already stopped
2026-05-17 01:31:09,513 [flam.orchestrator] INFO — [cf-auth] starting → tmux session 'FlamTunnelAuth'
2026-05-17 01:31:09,519 [flam.orchestrator] INFO — [cf-auth] ✓ started
2026-05-17 01:31:09,524 [flam.orchestrator] INFO — [chat] already stopped
2026-05-17 01:31:10,540 [flam.orchestrator] INFO — [chat] starting → tmux session 'FlamChat'
2026-05-17 01:31:10,547 [flam.orchestrator] INFO — [chat] ✓ started
2026-05-17 01:31:10,552 [flam.orchestrator] INFO — [cf-chat] already stopped
2026-05-17 01:31:11,558 [flam.orchestrator] INFO — [cf-chat] starting → tmux session 'FlamTunnelChat'
2026-05-17 01:31:11,563 [flam.orchestrator] INFO — [cf-chat] ✓ started
2026-05-17 01:31:11,567 [flam.orchestrator] INFO — [maps] already stopped
2026-05-17 01:31:12,573 [flam.orchestrator] INFO — [maps] starting → tmux session 'FlamMaps'
2026-05-17 01:31:12,578 [flam.orchestrator] INFO — [maps] ✓ started
2026-05-17 01:31:12,584 [flam.orchestrator] INFO — [cf-maps] already stopped
2026-05-17 01:31:13,590 [flam.orchestrator] INFO — [cf-maps] starting → tmux session 'FlamTunnelMaps'
2026-05-17 01:31:13,595 [flam.orchestrator] INFO — [cf-maps] ✓ started
2026-05-17 01:31:13,602 [flam.orchestrator] INFO — [games] already stopped
2026-05-17 01:31:14,608 [flam.orchestrator] INFO — [games] starting → tmux session 'FlamGames'
2026-05-17 01:31:14,613 [flam.orchestrator] INFO — [games] ✓ started
2026-05-17 01:31:14,618 [flam.orchestrator] INFO — [cf-games] already stopped
2026-05-17 01:31:15,624 [flam.orchestrator] INFO — [cf-games] starting → tmux session 'FlamTunnelGames'
2026-05-17 01:31:15,641 [flam.orchestrator] INFO — [cf-games] ✓ started
2026-05-17 01:31:15,646 [flam.orchestrator] INFO — [hypntyz] already stopped
2026-05-17 01:31:16,652 [flam.orchestrator] INFO — [hypntyz] starting → tmux session 'FlamHypntyz'
2026-05-17 01:31:16,658 [flam.orchestrator] INFO — [hypntyz] ✓ started
2026-05-17 01:31:16,663 [flam.orchestrator] INFO — [cf-hypntyz] already stopped
2026-05-17 01:31:17,669 [flam.orchestrator] INFO — [cf-hypntyz] starting → tmux session 'FlamTunnelHypntyz'
2026-05-17 01:31:17,674 [flam.orchestrator] INFO — [cf-hypntyz] ✓ started
2026-05-17 01:31:17,679 [flam.orchestrator] INFO — [ingestion] already stopped
2026-05-17 01:31:18,685 [flam.orchestrator] INFO — [ingestion] starting → tmux session 'FlamIngestion'
2026-05-17 01:31:18,690 [flam.orchestrator] INFO — [ingestion] ✓ started
2026-05-17 01:31:18,695 [flam.orchestrator] INFO — [cf-ingestion] already stopped
2026-05-17 01:31:19,700 [flam.orchestrator] INFO — [cf-ingestion] starting → tmux session 'FlamTunnelIngestion'
2026-05-17 01:31:19,706 [flam.orchestrator] INFO — [cf-ingestion] ✓ started
2026-05-17 01:31:19,711 [flam.orchestrator] INFO — [crm-frontend] already stopped
2026-05-17 01:31:20,716 [flam.orchestrator] INFO — [crm-frontend] starting → tmux session 'FlamCRMFrontend'
2026-05-17 01:31:20,723 [flam.orchestrator] INFO — [crm-frontend] ✓ started
2026-05-17 01:31:20,729 [flam.orchestrator] INFO — [crm-backend] already stopped
2026-05-17 01:31:21,743 [flam.orchestrator] INFO — [crm-backend] starting → tmux session 'FlamCRMBackend'
2026-05-17 01:31:21,747 [flam.orchestrator] INFO — [crm-backend] ✓ started
2026-05-17 01:31:21,753 [flam.orchestrator] INFO — [crm-celery] already stopped
2026-05-17 01:31:22,759 [flam.orchestrator] INFO — [crm-celery] starting → tmux session 'FlamCRMCelery'
2026-05-17 01:31:22,765 [flam.orchestrator] INFO — [crm-celery] ✓ started
2026-05-17 01:31:22,771 [flam.orchestrator] INFO — [crm-redis] already stopped
2026-05-17 01:31:23,777 [flam.orchestrator] INFO — [crm-redis] starting → tmux session 'FlamCRMRedis'
2026-05-17 01:31:23,782 [flam.orchestrator] INFO — [crm-redis] ✓ started
2026-05-17 01:31:23,787 [flam.orchestrator] INFO — [cf-crm] already stopped
2026-05-17 01:31:24,793 [flam.orchestrator] INFO — [cf-crm] starting → tmux session 'FlamTunnelCRM'
2026-05-17 01:31:24,799 [flam.orchestrator] INFO — [cf-crm] ✓ started
2026-05-17 01:31:24,804 [flam.orchestrator] INFO — [pangea-analytics] already stopped
2026-05-17 01:31:25,810 [flam.orchestrator] INFO — [pangea-analytics] starting → tmux session 'PangeaAnalytics'
2026-05-17 01:31:25,816 [flam.orchestrator] INFO — [pangea-analytics] ✓ started
2026-05-17 01:31:25,821 [flam.orchestrator] INFO — [pangea-api-gateway] already stopped
2026-05-17 01:31:26,836 [flam.orchestrator] INFO — [pangea-api-gateway] starting → tmux session 'PangeaApiGateway'
2026-05-17 01:31:26,842 [flam.orchestrator] INFO — [pangea-api-gateway] ✓ started
2026-05-17 01:31:26,847 [flam.orchestrator] INFO — [pangea-auth] already stopped
2026-05-17 01:31:27,853 [flam.orchestrator] INFO — [pangea-auth] starting → tmux session 'PangeaAuth'
2026-05-17 01:31:27,859 [flam.orchestrator] INFO — [pangea-auth] ✓ started
2026-05-17 01:31:27,865 [flam.orchestrator] INFO — [pangea-blockchain] already stopped
2026-05-17 01:31:28,870 [flam.orchestrator] INFO — [pangea-blockchain] starting → tmux session 'PangeaBlockchain'
2026-05-17 01:31:28,874 [flam.orchestrator] INFO — [pangea-blockchain] ✓ started
2026-05-17 01:31:28,880 [flam.orchestrator] INFO — [pangea-core-comm] already stopped
2026-05-17 01:31:29,886 [flam.orchestrator] INFO — [pangea-core-comm] starting → tmux session 'PangeaCoreComm'
2026-05-17 01:31:29,892 [flam.orchestrator] INFO — [pangea-core-comm] ✓ started
2026-05-17 01:31:29,897 [flam.orchestrator] INFO — [pangea-customer] already stopped
2026-05-17 01:31:30,902 [flam.orchestrator] INFO — [pangea-customer] starting → tmux session 'PangeaCustomer'
2026-05-17 01:31:30,907 [flam.orchestrator] INFO — [pangea-customer] ✓ started
2026-05-17 01:31:30,913 [flam.orchestrator] INFO — [pangea-customs] already stopped
2026-05-17 01:31:31,919 [flam.orchestrator] INFO — [pangea-customs] starting → tmux session 'PangeaCustoms'
2026-05-17 01:31:31,925 [flam.orchestrator] INFO — [pangea-customs] ✓ started
2026-05-17 01:31:31,940 [flam.orchestrator] INFO — [pangea-driver-location] already stopped
2026-05-17 01:31:32,946 [flam.orchestrator] INFO — [pangea-driver-location] starting → tmux session 'PangeaDriverLocation'
2026-05-17 01:31:32,951 [flam.orchestrator] INFO — [pangea-driver-location] ✓ started
2026-05-17 01:31:32,955 [flam.orchestrator] INFO — [pangea-eta] already stopped
2026-05-17 01:31:33,961 [flam.orchestrator] INFO — [pangea-eta] starting → tmux session 'PangeaEta'
2026-05-17 01:31:33,967 [flam.orchestrator] INFO — [pangea-eta] ✓ started
2026-05-17 01:31:33,974 [flam.orchestrator] INFO — [pangea-event-bus] already stopped
2026-05-17 01:31:34,978 [flam.orchestrator] INFO — [pangea-event-bus] starting → tmux session 'PangeaEventBus'
2026-05-17 01:31:34,983 [flam.orchestrator] INFO — [pangea-event-bus] ✓ started
2026-05-17 01:31:34,988 [flam.orchestrator] INFO — [pangea-frontend] already stopped
2026-05-17 01:31:35,993 [flam.orchestrator] INFO — [pangea-frontend] starting → tmux session 'PangeaFrontend'
2026-05-17 01:31:35,999 [flam.orchestrator] INFO — [pangea-frontend] ✓ started
2026-05-17 01:31:36,004 [flam.orchestrator] INFO — [pangea-inventory] already stopped
2026-05-17 01:31:37,011 [flam.orchestrator] INFO — [pangea-inventory] starting → tmux session 'PangeaInventory'
2026-05-17 01:31:37,017 [flam.orchestrator] INFO — [pangea-inventory] ✓ started
2026-05-17 01:31:37,022 [flam.orchestrator] INFO — [pangea-map] already stopped
2026-05-17 01:31:38,037 [flam.orchestrator] INFO — [pangea-map] starting → tmux session 'PangeaMap'
2026-05-17 01:31:38,043 [flam.orchestrator] INFO — [pangea-map] ✓ started
2026-05-17 01:31:38,049 [flam.orchestrator] INFO — [pangea-motoculture] already stopped
2026-05-17 01:31:39,055 [flam.orchestrator] INFO — [pangea-motoculture] starting → tmux session 'PangeaMotoculture'
2026-05-17 01:31:39,060 [flam.orchestrator] INFO — [pangea-motoculture] ✓ started
2026-05-17 01:31:39,066 [flam.orchestrator] INFO — [pangea-notification] already stopped
2026-05-17 01:31:40,071 [flam.orchestrator] INFO — [pangea-notification] starting → tmux session 'PangeaNotification'
2026-05-17 01:31:40,080 [flam.orchestrator] INFO — [pangea-notification] ✓ started
2026-05-17 01:31:40,086 [flam.orchestrator] INFO — [pangea-orch] already stopped
2026-05-17 01:31:41,091 [flam.orchestrator] INFO — [pangea-orch] starting → tmux session 'PangeaOrch'
2026-05-17 01:31:41,096 [flam.orchestrator] INFO — [pangea-orch] ✓ started
2026-05-17 01:31:41,101 [flam.orchestrator] INFO — [pangea-order] already stopped
2026-05-17 01:31:42,107 [flam.orchestrator] INFO — [pangea-order] starting → tmux session 'PangeaOrder'
2026-05-17 01:31:42,112 [flam.orchestrator] INFO — [pangea-order] ✓ started
2026-05-17 01:31:42,116 [flam.orchestrator] INFO — [pangea-payment] already stopped
2026-05-17 01:31:43,122 [flam.orchestrator] INFO — [pangea-payment] starting → tmux session 'PangeaPayment'
2026-05-17 01:31:43,129 [flam.orchestrator] INFO — [pangea-payment] ✓ started
2026-05-17 01:31:43,134 [flam.orchestrator] INFO — [pangea-pricing] already stopped
2026-05-17 01:31:44,143 [flam.orchestrator] INFO — [pangea-pricing] starting → tmux session 'PangeaPricing'
2026-05-17 01:31:44,148 [flam.orchestrator] INFO — [pangea-pricing] ✓ started
2026-05-17 01:31:44,154 [flam.orchestrator] INFO — [pangea-product] already stopped
2026-05-17 01:31:45,161 [flam.orchestrator] INFO — [pangea-product] starting → tmux session 'PangeaProduct'
2026-05-17 01:31:45,166 [flam.orchestrator] INFO — [pangea-product] ✓ started
2026-05-17 01:31:45,171 [flam.orchestrator] INFO — [pangea-ride-matching] already stopped
2026-05-17 01:31:46,177 [flam.orchestrator] INFO — [pangea-ride-matching] starting → tmux session 'PangeaRideMatching'
2026-05-17 01:31:46,183 [flam.orchestrator] INFO — [pangea-ride-matching] ✓ started
2026-05-17 01:31:46,188 [flam.orchestrator] INFO — [pangea-routing] already stopped
2026-05-17 01:31:47,193 [flam.orchestrator] INFO — [pangea-routing] starting → tmux session 'PangeaRouting'
2026-05-17 01:31:47,200 [flam.orchestrator] INFO — [pangea-routing] ✓ started
2026-05-17 01:31:47,206 [flam.orchestrator] INFO — [pangea-superbase] already stopped
2026-05-17 01:31:48,211 [flam.orchestrator] INFO — [pangea-superbase] starting → tmux session 'PangeaSuperbase'
2026-05-17 01:31:48,219 [flam.orchestrator] INFO — [pangea-superbase] ✓ started
2026-05-17 01:31:48,225 [flam.orchestrator] INFO — [pangea-traffic] already stopped
2026-05-17 01:31:49,232 [flam.orchestrator] INFO — [pangea-traffic] starting → tmux session 'PangeaTraffic'
2026-05-17 01:31:49,237 [flam.orchestrator] INFO — [pangea-traffic] ✓ started
2026-05-17 01:31:49,242 [flam.orchestrator] INFO — [pangea-user-management] already stopped
2026-05-17 01:31:50,247 [flam.orchestrator] INFO — [pangea-user-management] starting → tmux session 'PangeaUserManagement'
2026-05-17 01:31:50,255 [flam.orchestrator] INFO — [pangea-user-management] ✓ started
2026-05-17 22:32:04,393 [flam.orchestrator] INFO — [nginx] already stopped
2026-05-17 22:32:04,399 [flam.orchestrator] INFO — [root-web] already stopped
2026-05-17 22:32:04,403 [flam.orchestrator] INFO — [cf-root] already stopped
2026-05-17 22:32:04,408 [flam.orchestrator] INFO — [auth] already stopped
2026-05-17 22:32:04,412 [flam.orchestrator] INFO — [cf-auth] already stopped
2026-05-17 22:32:04,416 [flam.orchestrator] INFO — [chat] already stopped
2026-05-17 22:32:04,420 [flam.orchestrator] INFO — [cf-chat] already stopped
2026-05-17 22:32:04,424 [flam.orchestrator] INFO — [maps] already stopped
2026-05-17 22:32:04,429 [flam.orchestrator] INFO — [cf-maps] already stopped
2026-05-17 22:32:04,437 [flam.orchestrator] INFO — [games] already stopped
2026-05-17 22:32:04,443 [flam.orchestrator] INFO — [cf-games] already stopped
2026-05-17 22:32:04,448 [flam.orchestrator] INFO — [hypntyz] already stopped
2026-05-17 22:32:04,452 [flam.orchestrator] INFO — [cf-hypntyz] already stopped
2026-05-17 22:32:04,457 [flam.orchestrator] INFO — [ingestion] already stopped
2026-05-17 22:32:04,461 [flam.orchestrator] INFO — [cf-ingestion] already stopped
2026-05-17 22:32:04,465 [flam.orchestrator] INFO — [crm-frontend] already stopped
2026-05-17 22:32:04,469 [flam.orchestrator] INFO — [crm-backend] already stopped
2026-05-17 22:32:04,474 [flam.orchestrator] INFO — [crm-celery] already stopped
2026-05-17 22:32:04,478 [flam.orchestrator] INFO — [crm-redis] stopping session 'FlamCRMRedis'
2026-05-17 22:32:04,483 [flam.orchestrator] INFO — [crm-redis] ✓ stopped
2026-05-17 22:32:04,487 [flam.orchestrator] INFO — [cf-crm] already stopped
2026-05-17 22:32:04,492 [flam.orchestrator] INFO — [pangea-analytics] already stopped
2026-05-17 22:32:04,496 [flam.orchestrator] INFO — [pangea-api-gateway] already stopped
2026-05-17 22:32:04,501 [flam.orchestrator] INFO — [pangea-auth] already stopped
2026-05-17 22:32:04,505 [flam.orchestrator] INFO — [pangea-blockchain] already stopped
2026-05-17 22:32:04,510 [flam.orchestrator] INFO — [pangea-core-comm] already stopped
2026-05-17 22:32:04,514 [flam.orchestrator] INFO — [pangea-customer] already stopped
2026-05-17 22:32:04,518 [flam.orchestrator] INFO — [pangea-customs] already stopped
2026-05-17 22:32:04,522 [flam.orchestrator] INFO — [pangea-driver-location] already stopped
2026-05-17 22:32:04,526 [flam.orchestrator] INFO — [pangea-eta] already stopped
2026-05-17 22:32:04,533 [flam.orchestrator] INFO — [pangea-event-bus] already stopped
2026-05-17 22:32:04,540 [flam.orchestrator] INFO — [pangea-frontend] already stopped
2026-05-17 22:32:04,545 [flam.orchestrator] INFO — [pangea-inventory] already stopped
2026-05-17 22:32:04,550 [flam.orchestrator] INFO — [pangea-map] already stopped
2026-05-17 22:32:04,554 [flam.orchestrator] INFO — [pangea-motoculture] already stopped
2026-05-17 22:32:04,558 [flam.orchestrator] INFO — [pangea-notification] already stopped
2026-05-17 22:32:04,563 [flam.orchestrator] INFO — [pangea-orch] already stopped
2026-05-17 22:32:04,567 [flam.orchestrator] INFO — [pangea-order] already stopped
2026-05-17 22:32:04,573 [flam.orchestrator] INFO — [pangea-payment] already stopped
2026-05-17 22:32:04,577 [flam.orchestrator] INFO — [pangea-pricing] already stopped
2026-05-17 22:32:04,581 [flam.orchestrator] INFO — [pangea-product] already stopped
2026-05-17 22:32:04,585 [flam.orchestrator] INFO — [pangea-ride-matching] already stopped
2026-05-17 22:32:04,589 [flam.orchestrator] INFO — [pangea-routing] already stopped
2026-05-17 22:32:04,593 [flam.orchestrator] INFO — [pangea-superbase] already stopped
2026-05-17 22:32:04,598 [flam.orchestrator] INFO — [pangea-traffic] already stopped
2026-05-17 22:32:04,602 [flam.orchestrator] INFO — [pangea-user-management] already stopped
2026-05-17 22:32:32,071 [flam.orchestrator] INFO — [root-web] starting → tmux session 'FlamRootWeb'
2026-05-17 22:32:32,076 [flam.orchestrator] INFO — [root-web] ✓ started
2026-05-17 22:42:30,915 [flam.orchestrator] INFO — [cf-root] starting → tmux session 'FlamTunnelRoot'
2026-05-17 22:42:30,921 [flam.orchestrator] INFO — [cf-root] ✓ started
2026-05-17 22:44:10,348 [flam.watchdog] INFO — Watchdog started — interval=10s, restart_limit=5
2026-05-17 22:45:13,746 [flam.orchestrator] INFO — [nginx] starting → tmux session 'FlamNginx'
2026-05-17 22:45:13,754 [flam.orchestrator] INFO — [nginx] ✓ started
2026-05-17 23:35:49,392 [flam.orchestrator] INFO — [root-web] stopping session 'FlamRootWeb'
2026-05-17 23:35:49,397 [flam.orchestrator] INFO — [root-web] ✓ stopped
2026-05-17 23:35:50,403 [flam.orchestrator] INFO — [root-web] starting → tmux session 'FlamRootWeb'
2026-05-17 23:35:50,409 [flam.orchestrator] INFO — [root-web] ✓ started
2026-05-17 23:36:11,940 [flam.watchdog] INFO — Watchdog started — interval=10s, restart_limit=5
2026-05-17 23:43:10,554 [flam.orchestrator] INFO — [auth] starting → tmux session 'FlamAuth'
2026-05-17 23:43:10,559 [flam.orchestrator] INFO — [auth] ✓ started
2026-05-18 00:56:24,856 [flam.orchestrator] INFO — [root-web] stopping session 'FlamRootWeb'
2026-05-18 00:56:24,863 [flam.orchestrator] INFO — [root-web] ✓ stopped
2026-05-18 00:56:25,871 [flam.orchestrator] INFO — [root-web] starting → tmux session 'FlamRootWeb'
2026-05-18 00:56:25,878 [flam.orchestrator] INFO — [root-web] ✓ started
2026-05-18 02:38:08,974 [flam.orchestrator] INFO — [root-web] stopping session 'FlamRootWeb'
2026-05-18 02:38:08,978 [flam.orchestrator] INFO — [root-web] ✓ stopped
2026-05-18 02:38:09,984 [flam.orchestrator] INFO — [root-web] starting → tmux session 'FlamRootWeb'
2026-05-18 02:38:09,989 [flam.orchestrator] INFO — [root-web] ✓ started
2026-05-18 02:38:17,256 [flam.orchestrator] INFO — [nginx] stopping session 'FlamNginx'
2026-05-18 02:38:17,261 [flam.orchestrator] INFO — [nginx] ✓ stopped
2026-05-18 02:38:18,266 [flam.orchestrator] INFO — [nginx] starting → tmux session 'FlamNginx'
2026-05-18 02:38:18,271 [flam.orchestrator] INFO — [nginx] ✓ started
2026-05-18 02:38:24,896 [flam.orchestrator] INFO — [cf-root] stopping session 'FlamTunnelRoot'
2026-05-18 02:38:24,900 [flam.orchestrator] INFO — [cf-root] ✓ stopped
2026-05-18 02:38:25,906 [flam.orchestrator] INFO — [cf-root] starting → tmux session 'FlamTunnelRoot'
2026-05-18 02:38:25,911 [flam.orchestrator] INFO — [cf-root] ✓ started
2026-05-18 02:47:18,391 [flam.orchestrator] INFO — [cf-root] stopping session 'FlamTunnelRoot'
2026-05-18 02:47:18,395 [flam.orchestrator] INFO — [cf-root] ✓ stopped
2026-05-18 02:47:19,401 [flam.orchestrator] INFO — [cf-root] starting → tmux session 'FlamTunnelRoot'
2026-05-18 02:47:19,406 [flam.orchestrator] INFO — [cf-root] ✓ started
2026-05-18 03:01:23,384 [flam.orchestrator] INFO — [nginx] already stopped
2026-05-18 03:01:23,388 [flam.orchestrator] INFO — [root-web] stopping session 'FlamRootWeb'
2026-05-18 03:01:23,392 [flam.orchestrator] INFO — [root-web] ✓ stopped
2026-05-18 03:01:23,397 [flam.orchestrator] INFO — [cf-root] stopping session 'FlamTunnelRoot'
2026-05-18 03:01:23,401 [flam.orchestrator] INFO — [cf-root] ✓ stopped
2026-05-18 03:01:23,405 [flam.orchestrator] INFO — [auth] already stopped
2026-05-18 03:01:23,410 [flam.orchestrator] INFO — [cf-auth] already stopped
2026-05-18 03:01:23,415 [flam.orchestrator] INFO — [chat] already stopped
2026-05-18 03:01:23,420 [flam.orchestrator] INFO — [cf-chat] already stopped
2026-05-18 03:01:23,424 [flam.orchestrator] INFO — [maps] already stopped
2026-05-18 03:01:23,429 [flam.orchestrator] INFO — [cf-maps] already stopped
2026-05-18 03:01:23,433 [flam.orchestrator] INFO — [games] already stopped
2026-05-18 03:01:23,437 [flam.orchestrator] INFO — [cf-games] already stopped
2026-05-18 03:01:23,441 [flam.orchestrator] INFO — [hypntyz] already stopped
2026-05-18 03:01:23,445 [flam.orchestrator] INFO — [cf-hypntyz] already stopped
2026-05-18 03:01:23,456 [flam.orchestrator] INFO — [ingestion] already stopped
2026-05-18 03:01:23,461 [flam.orchestrator] INFO — [cf-ingestion] already stopped
2026-05-18 03:01:23,465 [flam.orchestrator] INFO — [crm-frontend] already stopped
2026-05-18 03:01:23,470 [flam.orchestrator] INFO — [crm-backend] already stopped
2026-05-18 03:01:23,474 [flam.orchestrator] INFO — [crm-celery] already stopped
2026-05-18 03:01:23,478 [flam.orchestrator] INFO — [crm-redis] already stopped
2026-05-18 03:01:23,483 [flam.orchestrator] INFO — [cf-crm] already stopped
2026-05-18 03:01:23,487 [flam.orchestrator] INFO — [pangea-analytics] already stopped
2026-05-18 03:01:23,492 [flam.orchestrator] INFO — [pangea-api-gateway] already stopped
2026-05-18 03:01:23,496 [flam.orchestrator] INFO — [pangea-auth] already stopped
2026-05-18 03:01:23,500 [flam.orchestrator] INFO — [pangea-blockchain] already stopped
2026-05-18 03:01:23,504 [flam.orchestrator] INFO — [pangea-core-comm] already stopped
2026-05-18 03:01:23,509 [flam.orchestrator] INFO — [pangea-customer] already stopped
2026-05-18 03:01:23,513 [flam.orchestrator] INFO — [pangea-customs] already stopped
2026-05-18 03:01:23,517 [flam.orchestrator] INFO — [pangea-driver-location] already stopped
2026-05-18 03:01:23,521 [flam.orchestrator] INFO — [pangea-eta] already stopped
2026-05-18 03:01:23,524 [flam.orchestrator] INFO — [pangea-event-bus] already stopped
2026-05-18 03:01:23,534 [flam.orchestrator] INFO — [pangea-frontend] already stopped
2026-05-18 03:01:23,543 [flam.orchestrator] INFO — [pangea-inventory] already stopped
2026-05-18 03:01:23,546 [flam.orchestrator] INFO — [pangea-map] already stopped
2026-05-18 03:01:23,551 [flam.orchestrator] INFO — [pangea-motoculture] already stopped
2026-05-18 03:01:23,555 [flam.orchestrator] INFO — [pangea-notification] already stopped
2026-05-18 03:01:23,559 [flam.orchestrator] INFO — [pangea-orch] already stopped
2026-05-18 03:01:23,563 [flam.orchestrator] INFO — [pangea-order] already stopped
2026-05-18 03:01:23,567 [flam.orchestrator] INFO — [pangea-payment] already stopped
2026-05-18 03:01:23,571 [flam.orchestrator] INFO — [pangea-pricing] already stopped
2026-05-18 03:01:23,575 [flam.orchestrator] INFO — [pangea-product] already stopped
2026-05-18 03:01:23,579 [flam.orchestrator] INFO — [pangea-ride-matching] already stopped
2026-05-18 03:01:23,582 [flam.orchestrator] INFO — [pangea-routing] already stopped
2026-05-18 03:01:23,586 [flam.orchestrator] INFO — [pangea-superbase] already stopped
2026-05-18 03:01:23,590 [flam.orchestrator] INFO — [pangea-traffic] already stopped
2026-05-18 03:01:23,594 [flam.orchestrator] INFO — [pangea-user-management] already stopped
2026-05-18 03:01:29,643 [flam.orchestrator] INFO — [nginx] starting → tmux session 'FlamNginx'
2026-05-18 03:01:29,648 [flam.orchestrator] INFO — [nginx] ✓ started
2026-05-18 03:01:55,212 [flam.orchestrator] INFO — [root-web] starting → tmux session 'FlamRootWeb'
2026-05-18 03:01:55,217 [flam.orchestrator] INFO — [root-web] ✓ started
2026-05-18 03:02:01,314 [flam.orchestrator] INFO — [cf-root] starting → tmux session 'FlamTunnelRoot'
2026-05-18 03:02:01,319 [flam.orchestrator] INFO — [cf-root] ✓ started
2026-05-18 03:03:36,822 [flam.orchestrator] INFO — [nginx] starting → tmux session 'FlamNginx'
2026-05-18 03:03:36,828 [flam.orchestrator] INFO — [nginx] ✓ started
2026-05-18 03:04:30,534 [flam.orchestrator] INFO — [nginx] starting → tmux session 'FlamNginx'
2026-05-18 03:04:30,542 [flam.orchestrator] INFO — [nginx] ✓ started
2026-05-18 03:04:51,716 [flam.orchestrator] INFO — [nginx] starting → tmux session 'FlamNginx'
2026-05-18 03:04:51,721 [flam.orchestrator] INFO — [nginx] ✓ started
2026-05-19 12:42:49,766 [flam.orchestrator] INFO — [nginx] already stopped
2026-05-19 12:42:49,772 [flam.orchestrator] INFO — [root-web] already stopped
2026-05-19 12:42:49,777 [flam.orchestrator] INFO — [cf-root] stopping session 'FlamTunnelRoot'
2026-05-19 12:42:49,782 [flam.orchestrator] INFO — [cf-root] ✓ stopped
2026-05-19 12:42:49,789 [flam.orchestrator] INFO — [auth] already stopped
2026-05-19 12:42:49,795 [flam.orchestrator] INFO — [cf-auth] already stopped
2026-05-19 12:42:49,801 [flam.orchestrator] INFO — [chat] already stopped
2026-05-19 12:42:49,806 [flam.orchestrator] INFO — [cf-chat] already stopped
2026-05-19 12:42:49,812 [flam.orchestrator] INFO — [maps] already stopped
2026-05-19 12:42:49,818 [flam.orchestrator] INFO — [cf-maps] already stopped
2026-05-19 12:42:49,823 [flam.orchestrator] INFO — [games] already stopped
2026-05-19 12:42:49,842 [flam.orchestrator] INFO — [cf-games] already stopped
2026-05-19 12:42:49,849 [flam.orchestrator] INFO — [hypntyz] already stopped
2026-05-19 12:42:49,855 [flam.orchestrator] INFO — [cf-hypntyz] already stopped
2026-05-19 12:42:49,861 [flam.orchestrator] INFO — [ingestion] already stopped
2026-05-19 12:42:49,867 [flam.orchestrator] INFO — [cf-ingestion] already stopped
2026-05-19 12:42:49,874 [flam.orchestrator] INFO — [crm-frontend] already stopped
2026-05-19 12:42:49,880 [flam.orchestrator] INFO — [crm-backend] already stopped
2026-05-19 12:42:49,886 [flam.orchestrator] INFO — [crm-celery] already stopped
2026-05-19 12:42:49,892 [flam.orchestrator] INFO — [crm-redis] already stopped
2026-05-19 12:42:49,897 [flam.orchestrator] INFO — [cf-crm] already stopped
2026-05-19 12:42:49,903 [flam.orchestrator] INFO — [pangea-analytics] already stopped
2026-05-19 12:42:49,909 [flam.orchestrator] INFO — [pangea-api-gateway] already stopped
2026-05-19 12:42:49,916 [flam.orchestrator] INFO — [pangea-auth] already stopped
2026-05-19 12:42:49,922 [flam.orchestrator] INFO — [pangea-blockchain] already stopped
2026-05-19 12:42:49,939 [flam.orchestrator] INFO — [pangea-core-comm] already stopped
2026-05-19 12:42:49,946 [flam.orchestrator] INFO — [pangea-customer] already stopped
2026-05-19 12:42:49,951 [flam.orchestrator] INFO — [pangea-customs] already stopped
2026-05-19 12:42:49,957 [flam.orchestrator] INFO — [pangea-driver-location] already stopped
2026-05-19 12:42:49,968 [flam.orchestrator] INFO — [pangea-eta] already stopped
2026-05-19 12:42:49,975 [flam.orchestrator] INFO — [pangea-event-bus] already stopped
2026-05-19 12:42:49,981 [flam.orchestrator] INFO — [pangea-frontend] already stopped
2026-05-19 12:42:49,986 [flam.orchestrator] INFO — [pangea-inventory] already stopped
2026-05-19 12:42:49,991 [flam.orchestrator] INFO — [pangea-map] already stopped
2026-05-19 12:42:49,998 [flam.orchestrator] INFO — [pangea-motoculture] already stopped
2026-05-19 12:42:50,003 [flam.orchestrator] INFO — [pangea-notification] already stopped
2026-05-19 12:42:50,010 [flam.orchestrator] INFO — [pangea-orch] already stopped
2026-05-19 12:42:50,015 [flam.orchestrator] INFO — [pangea-order] already stopped
2026-05-19 12:42:50,021 [flam.orchestrator] INFO — [pangea-payment] already stopped
2026-05-19 12:42:50,033 [flam.orchestrator] INFO — [pangea-pricing] already stopped
2026-05-19 12:42:50,045 [flam.orchestrator] INFO — [pangea-product] already stopped
2026-05-19 12:42:50,050 [flam.orchestrator] INFO — [pangea-ride-matching] already stopped
2026-05-19 12:42:50,056 [flam.orchestrator] INFO — [pangea-routing] already stopped
2026-05-19 12:42:50,061 [flam.orchestrator] INFO — [pangea-superbase] already stopped
2026-05-19 12:42:50,066 [flam.orchestrator] INFO — [pangea-traffic] already stopped
2026-05-19 12:42:50,071 [flam.orchestrator] INFO — [pangea-user-management] already stopped
2026-05-19 12:42:58,055 [flam.orchestrator] INFO — [nginx] starting → tmux session 'FlamNginx'
2026-05-19 12:42:58,061 [flam.orchestrator] INFO — [nginx] ✓ started
2026-05-19 12:43:09,871 [flam.orchestrator] INFO — [root-web] starting → tmux session 'FlamRootWeb'
2026-05-19 12:43:09,877 [flam.orchestrator] INFO — [root-web] ✓ started
2026-05-19 12:44:14,124 [flam.orchestrator] INFO — [cf-root] already stopped
2026-05-19 12:44:21,445 [flam.orchestrator] INFO — [cf-root] starting → tmux session 'FlamTunnelRoot'
2026-05-19 12:44:21,451 [flam.orchestrator] INFO — [cf-root] ✓ started
2026-05-19 12:48:28,639 [flam.orchestrator] INFO — [root-web] starting → tmux session 'FlamRootWeb'
2026-05-19 12:48:28,644 [flam.orchestrator] INFO — [root-web] ✓ started
2026-05-19 12:54:24,577 [flam.orchestrator] INFO — [root-web] stopping session 'FlamRootWeb'
2026-05-19 12:54:24,581 [flam.orchestrator] INFO — [root-web] ✓ stopped
2026-05-19 12:54:32,120 [flam.orchestrator] INFO — [root-web] starting → tmux session 'FlamRootWeb'
2026-05-19 12:54:32,125 [flam.orchestrator] INFO — [root-web] ✓ started
2026-05-19 12:55:49,882 [flam.orchestrator] INFO — [root-web] starting → tmux session 'FlamRootWeb'
2026-05-19 12:55:49,887 [flam.orchestrator] INFO — [root-web] ✓ started
2026-05-19 12:57:32,301 [flam.orchestrator] INFO — [root-web] stopping session 'FlamRootWeb'
2026-05-19 12:57:32,306 [flam.orchestrator] INFO — [root-web] ✓ stopped
2026-05-19 12:57:40,414 [flam.orchestrator] INFO — [root-web] starting → tmux session 'FlamRootWeb'
2026-05-19 12:57:40,421 [flam.orchestrator] INFO — [root-web] ✓ started
2026-05-19 13:52:04,727 [flam.orchestrator] INFO — [auth] starting → tmux session 'FlamAuth'
2026-05-19 13:52:04,733 [flam.orchestrator] INFO — [auth] ✓ started
2026-05-19 13:54:50,883 [flam.watchdog] INFO — Watchdog started — interval=10s, restart_limit=5
2026-05-19 13:55:00,563 [flam.orchestrator] INFO — [auth] starting → tmux session 'FlamAuth'
2026-05-19 13:55:00,569 [flam.orchestrator] INFO — [auth] ✓ started
2026-05-19 13:56:13,093 [flam.orchestrator] INFO — [auth] starting → tmux session 'FlamAuth'
2026-05-19 13:56:13,098 [flam.orchestrator] INFO — [auth] ✓ started
2026-05-19 13:56:23,194 [flam.orchestrator] INFO — [auth] starting → tmux session 'FlamAuth'
2026-05-19 13:56:23,199 [flam.orchestrator] INFO — [auth] ✓ started
2026-05-19 13:56:33,292 [flam.orchestrator] INFO — [auth] starting → tmux session 'FlamAuth'
2026-05-19 13:56:33,296 [flam.orchestrator] INFO — [auth] ✓ started
2026-05-19 14:02:02,419 [flam.orchestrator] INFO — [nginx] already stopped
2026-05-19 14:02:03,425 [flam.orchestrator] INFO — [nginx] starting → tmux session 'FlamNginx'
2026-05-19 14:02:03,440 [flam.orchestrator] INFO — [nginx] ✓ started
2026-05-19 14:02:11,066 [flam.watchdog] INFO — Watchdog started — interval=10s, restart_limit=5
2026-05-26 22:15:55,101 [flam.orchestrator] INFO — [auth] starting → tmux session 'FlamAuth'
2026-05-26 22:15:55,108 [flam.orchestrator] INFO — [auth] ✓ started
2026-05-27 11:19:40,871 [flam.orchestrator] INFO — [root-web] stopping session 'FlamRootWeb'
2026-05-27 11:19:40,878 [flam.orchestrator] INFO — [root-web] ✓ stopped
2026-05-27 11:19:41,884 [flam.orchestrator] INFO — [root-web] starting → tmux session 'FlamRootWeb'
2026-05-27 11:19:41,890 [flam.orchestrator] INFO — [root-web] ✓ started
2026-05-27 11:25:55,103 [flam.orchestrator] INFO — [root-web] already stopped
2026-05-27 11:26:07,616 [flam.orchestrator] INFO — [cf-root] stopping session 'FlamTunnelRoot'
2026-05-27 11:26:07,620 [flam.orchestrator] INFO — [cf-root] ✓ stopped
2026-05-27 11:26:20,424 [flam.orchestrator] INFO — [nginx] already stopped
2026-05-27 11:26:21,440 [flam.orchestrator] INFO — [nginx] starting → tmux session 'FlamNginx'
2026-05-27 11:26:21,445 [flam.orchestrator] INFO — [nginx] ✓ started
2026-05-27 11:26:34,767 [flam.orchestrator] INFO — [root-web] starting → tmux session 'FlamRootWeb'
2026-05-27 11:26:34,773 [flam.orchestrator] INFO — [root-web] ✓ started
2026-05-27 11:26:58,083 [flam.orchestrator] INFO — [cf-root] starting → tmux session 'FlamTunnelRoot'
2026-05-27 11:26:58,089 [flam.orchestrator] INFO — [cf-root] ✓ started
2026-05-27 11:31:51,540 [flam.orchestrator] INFO — [root-web] starting → tmux session 'FlamRootWeb'
2026-05-27 11:31:51,547 [flam.orchestrator] INFO — [root-web] ✓ started
2026-05-27 11:49:20,507 [flam.orchestrator] INFO — [root-web] starting → tmux session 'FlamRootWeb'
2026-05-27 11:49:20,514 [flam.orchestrator] INFO — [root-web] ✓ started
2026-05-27 13:51:32,623 [flam.orchestrator] INFO — [root-web] already running in session FlamRootWeb
2026-05-27 13:51:32,637 [flam.orchestrator] INFO — [auth] starting → tmux session 'FlamAuth'
2026-05-27 13:51:32,643 [flam.orchestrator] INFO — [auth] ✓ started
2026-05-27 13:51:32,648 [flam.orchestrator] INFO — [chat] starting → tmux session 'FlamChat'
2026-05-27 13:51:32,654 [flam.orchestrator] INFO — [chat] ✓ started
2026-05-27 13:51:32,659 [flam.orchestrator] INFO — [maps] starting → tmux session 'FlamMaps'
2026-05-27 13:51:32,665 [flam.orchestrator] INFO — [maps] ✓ started
2026-05-27 13:51:32,671 [flam.orchestrator] INFO — [games] starting → tmux session 'FlamGames'
2026-05-27 13:51:32,677 [flam.orchestrator] INFO — [games] ✓ started
2026-05-27 13:51:32,683 [flam.orchestrator] INFO — [hypntyz] starting → tmux session 'FlamHypntyz'
2026-05-27 13:51:32,698 [flam.orchestrator] INFO — [hypntyz] ✓ started
2026-05-27 17:34:14,217 [flam.orchestrator] INFO — [nginx] already stopped
2026-05-27 17:34:15,222 [flam.orchestrator] INFO — [nginx] starting → tmux session 'FlamNginx'
2026-05-27 17:34:15,228 [flam.orchestrator] INFO — [nginx] ✓ started
2026-05-28 14:49:52,921 [flam.orchestrator] INFO — [root-web] stopping session 'FlamRootWeb'
2026-05-28 14:49:52,926 [flam.orchestrator] INFO — [root-web] ✓ stopped
2026-05-28 14:49:53,933 [flam.orchestrator] INFO — [root-web] starting → tmux session 'FlamRootWeb'
2026-05-28 14:49:53,938 [flam.orchestrator] INFO — [root-web] ✓ started
2026-05-28 15:30:04,085 [flam.orchestrator] INFO — [root-web] stopping session 'FlamRootWeb'
2026-05-28 15:30:04,091 [flam.orchestrator] INFO — [root-web] ✓ stopped
2026-05-28 15:30:05,097 [flam.orchestrator] INFO — [root-web] starting → tmux session 'FlamRootWeb'
2026-05-28 15:30:05,103 [flam.orchestrator] INFO — [root-web] ✓ started
2026-05-28 15:30:30,050 [flam.orchestrator] INFO — [root-web] stopping session 'FlamRootWeb'
2026-05-28 15:30:30,055 [flam.orchestrator] INFO — [root-web] ✓ stopped
2026-05-28 15:31:01,504 [flam.orchestrator] INFO — [root-web] starting → tmux session 'FlamRootWeb'
2026-05-28 15:31:01,510 [flam.orchestrator] INFO — [root-web] ✓ started
2026-05-28 15:36:32,145 [flam.orchestrator] INFO — [root-web] starting → tmux session 'FlamRootWeb'
2026-05-28 15:36:32,152 [flam.orchestrator] INFO — [root-web] ✓ started
2026-05-28 15:38:17,614 [flam.orchestrator] INFO — [nginx] already stopped
2026-05-28 15:38:18,621 [flam.orchestrator] INFO — [nginx] starting → tmux session 'FlamNginx'
2026-05-28 15:38:18,631 [flam.orchestrator] INFO — [nginx] ✓ started
2026-05-28 15:40:02,862 [flam.orchestrator] INFO — [root-web] already running in session FlamRootWeb
2026-05-28 15:41:21,496 [flam.orchestrator] INFO — [cf-root] starting → tmux session 'FlamTunnelRoot'
2026-05-28 15:41:21,503 [flam.orchestrator] INFO — [cf-root] ✓ started
2026-05-28 15:43:08,710 [flam.orchestrator] INFO — [root-web] stopping session 'FlamRootWeb'
2026-05-28 15:43:08,717 [flam.orchestrator] INFO — [root-web] ✓ stopped
2026-05-28 15:43:16,413 [flam.orchestrator] INFO — [cf-root] stopping session 'FlamTunnelRoot'
2026-05-28 15:43:16,419 [flam.orchestrator] INFO — [cf-root] ✓ stopped
2026-05-28 15:43:24,523 [flam.orchestrator] INFO — [root-web] starting → tmux session 'FlamRootWeb'
2026-05-28 15:43:24,540 [flam.orchestrator] INFO — [root-web] ✓ started
2026-05-28 15:43:41,059 [flam.orchestrator] INFO — [cf-root] starting → tmux session 'FlamTunnelRoot'
2026-05-28 15:43:41,068 [flam.orchestrator] INFO — [cf-root] ✓ started
2026-05-28 15:55:17,438 [flam.orchestrator] INFO — [nginx] already stopped
2026-05-28 15:55:18,444 [flam.orchestrator] INFO — [nginx] starting → tmux session 'FlamNginx'
2026-05-28 15:55:18,449 [flam.orchestrator] INFO — [nginx] ✓ started
2026-05-29 00:23:38,023 [flam.orchestrator] INFO — [cf-root] stopping session 'FlamTunnelRoot'
2026-05-29 00:23:38,029 [flam.orchestrator] INFO — [cf-root] ✓ stopped
2026-05-29 00:23:46,770 [flam.orchestrator] INFO — [root-web] stopping session 'FlamRootWeb'
2026-05-29 00:23:46,775 [flam.orchestrator] INFO — [root-web] ✓ stopped
2026-05-29 00:23:55,372 [flam.orchestrator] INFO — [cf-root] starting → tmux session 'FlamTunnelRoot'
2026-05-29 00:23:55,378 [flam.orchestrator] INFO — [cf-root] ✓ started
2026-05-29 00:25:31,765 [flam.orchestrator] INFO — [root-web] starting → tmux session 'FlamRootWeb'
2026-05-29 00:25:31,771 [flam.orchestrator] INFO — [root-web] ✓ started
2026-05-29 00:25:52,452 [flam.orchestrator] INFO — [root-web] starting → tmux session 'FlamRootWeb'
2026-05-29 00:25:52,457 [flam.orchestrator] INFO — [root-web] ✓ started
2026-05-29 00:28:14,563 [flam.orchestrator] INFO — [root-web] starting → tmux session 'FlamRootWeb'
2026-05-29 00:28:14,568 [flam.orchestrator] INFO — [root-web] ✓ started
2026-05-29 14:23:39,560 [flam.orchestrator] INFO — [root-web] starting → tmux session 'FlamRootWeb'
2026-05-29 14:23:39,567 [flam.orchestrator] INFO — [root-web] ✓ started
2026-05-29 19:51:07,196 [flam.orchestrator] INFO — [root-web] stopping session 'FlamRootWeb'
2026-05-29 19:51:07,202 [flam.orchestrator] INFO — [root-web] ✓ stopped
2026-05-29 19:54:02,509 [flam.orchestrator] INFO — [root-web] starting → tmux session 'FlamRootWeb'
2026-05-29 19:54:02,516 [flam.orchestrator] INFO — [root-web] ✓ started
2026-05-29 20:34:58,316 [flam.orchestrator] INFO — [root-web] stopping session 'FlamRootWeb'
2026-05-29 20:34:58,323 [flam.orchestrator] INFO — [root-web] ✓ stopped
2026-05-29 20:37:30,586 [flam.orchestrator] INFO — [root-web] starting → tmux session 'FlamRootWeb'
2026-05-29 20:37:30,591 [flam.orchestrator] INFO — [root-web] ✓ started
2026-05-30 16:08:27,120 [flam.orchestrator] INFO — [auth] starting → tmux session 'FlamAuth'
2026-05-30 16:08:27,134 [flam.orchestrator] INFO — [auth] ✓ started
2026-05-30 16:09:27,563 [flam.orchestrator] INFO — [auth] starting → tmux session 'FlamAuth'
2026-05-30 16:09:27,570 [flam.orchestrator] INFO — [auth] ✓ started
2026-05-30 16:12:15,426 [flam.orchestrator] INFO — [vault] starting → tmux session 'FlamVault'
2026-05-30 16:12:15,433 [flam.orchestrator] INFO — [vault] ✓ started
2026-05-30 16:13:47,446 [flam.orchestrator] INFO — [dgraph-zero] starting → tmux session 'FlamDgraphZero'
2026-05-30 16:13:47,452 [flam.orchestrator] INFO — [dgraph-zero] ✓ started
2026-05-30 16:14:05,123 [flam.orchestrator] INFO — [dgraph-alpha] starting → tmux session 'FlamDgraphAlpha'
2026-05-30 16:14:05,134 [flam.orchestrator] INFO — [dgraph-alpha] ✓ started
2026-05-30 16:23:23,798 [flam.orchestrator] INFO — [auth-bootstrap] starting → tmux session 'FlamAuthBootstrap'
2026-05-30 16:23:23,805 [flam.orchestrator] INFO — [auth-bootstrap] ✓ started
2026-05-30 16:49:19,288 [flam.orchestrator] INFO — [auth-bootstrap] starting → tmux session 'FlamAuthBootstrap'
2026-05-30 16:49:19,294 [flam.orchestrator] INFO — [auth-bootstrap] ✓ started
2026-06-03 02:16:54,300 [flam.orchestrator] INFO — [vault] starting → tmux session 'FlamVault'
2026-06-03 02:16:54,306 [flam.orchestrator] INFO — [vault] ✓ started
2026-06-03 02:22:37,018 [flam.orchestrator] INFO — [auth-service] starting → tmux session 'FlamAuth'
2026-06-03 02:22:37,024 [flam.orchestrator] INFO — [auth-service] ✓ started
2026-06-03 02:24:21,423 [flam.orchestrator] INFO — [auth-service] starting → tmux session 'FlamAuth'
2026-06-03 02:24:21,438 [flam.orchestrator] INFO — [auth-service] ✓ started
2026-06-03 02:28:09,044 [flam.orchestrator] INFO — [auth-bootstrap] starting → tmux session 'FlamAuthBootstrap'
2026-06-03 02:28:09,049 [flam.orchestrator] INFO — [auth-bootstrap] ✓ started
2026-06-03 02:29:00,040 [flam.orchestrator] INFO — [auth-service] starting → tmux session 'FlamAuth'
2026-06-03 02:29:00,049 [flam.orchestrator] INFO — [auth-service] ✓ started
2026-06-03 02:34:17,881 [flam.orchestrator] INFO — [auth-service] starting → tmux session 'FlamAuth'
2026-06-03 02:34:17,886 [flam.orchestrator] INFO — [auth-service] ✓ started
2026-06-03 02:47:14,650 [flam.orchestrator] INFO — [auth-service] starting → 'FlamAuth'
2026-06-03 02:47:16,666 [flam.orchestrator] ERROR — [auth-service] ✗ command exited immediately
2026-06-03 02:50:07,104 [flam.orchestrator] INFO — [auth-service] starting → 'FlamAuth'
2026-06-03 02:50:09,122 [flam.orchestrator] ERROR — [auth-service] ✗ command exited immediately
2026-06-03 02:53:12,235 [flam.orchestrator] INFO — [auth-service] starting → 'FlamAuth'
2026-06-03 02:53:14,255 [flam.orchestrator] ERROR — [auth-service] ✗ command exited immediately
2026-06-03 02:57:37,462 [flam.orchestrator] INFO — [auth-service] starting → 'FlamAuth'
2026-06-03 02:57:39,480 [flam.orchestrator] ERROR — [auth-service] ✗ command exited immediately
2026-06-03 02:58:09,134 [flam.orchestrator] INFO — [auth-bootstrap] starting → 'FlamAuthBootstrap'
2026-06-03 02:58:11,160 [flam.orchestrator] ERROR — [auth-bootstrap] ✗ command exited immediately
2026-06-03 03:06:59,803 [flam.orchestrator] INFO — [auth-service] starting → 'FlamAuth'
2026-06-03 03:07:01,819 [flam.orchestrator] ERROR — [auth-service] ✗ command exited immediately
2026-06-03 03:07:33,253 [flam.orchestrator] INFO — [auth-bootstrap] starting → 'FlamAuthBootstrap'
2026-06-03 03:07:35,270 [flam.orchestrator] ERROR — [auth-bootstrap] ✗ command exited immediately
2026-06-03 03:13:51,422 [flam.orchestrator] INFO — [auth-bootstrap] starting → 'FlamAuthBootstrap'
2026-06-03 03:13:53,454 [flam.orchestrator] ERROR — [auth-bootstrap] ✗ command exited immediately
2026-06-03 09:39:36,263 [flam.orchestrator] INFO — [auth-bootstrap] starting → 'FlamAuthBootstrap'
2026-06-03 09:39:38,281 [flam.orchestrator] ERROR — [auth-bootstrap] ✗ command exited immediately
2026-06-03 09:51:06,510 [flam.orchestrator] INFO — [auth-bootstrap] starting → 'FlamAuthBootstrap'
2026-06-03 09:51:08,538 [flam.orchestrator] ERROR — [auth-bootstrap] ✗ command exited immediately
2026-06-03 09:53:29,658 [flam.orchestrator] INFO — [auth-bootstrap] starting → 'FlamAuthBootstrap'
2026-06-03 09:53:31,673 [flam.orchestrator] ERROR — [auth-bootstrap] ✗ command exited immediately
2026-06-03 09:53:54,204 [flam.orchestrator] INFO — [auth-service] starting → 'FlamAuth'
2026-06-03 09:53:56,219 [flam.orchestrator] ERROR — [auth-service] ✗ command exited immediately
2026-06-03 11:03:11,511 [flam.orchestrator] INFO — [auth-bootstrap] starting → 'FlamAuthBootstrap'
2026-06-03 11:03:13,534 [flam.orchestrator] ERROR — [auth-bootstrap] ✗ command exited immediately
2026-06-03 11:04:00,201 [flam.orchestrator] INFO — [auth-service] starting → 'FlamAuth'
2026-06-03 11:04:02,221 [flam.orchestrator] ERROR — [auth-service] ✗ command exited immediately
2026-06-03 11:05:37,037 [flam.orchestrator] INFO — [auth-bootstrap] starting → 'FlamAuthBootstrap'
2026-06-03 11:05:39,071 [flam.orchestrator] INFO — [auth-bootstrap] ✓ started
2026-06-03 11:06:05,896 [flam.orchestrator] INFO — [auth-service] starting → 'FlamAuth'
2026-06-03 11:06:07,913 [flam.orchestrator] ERROR — [auth-service] ✗ command exited immediately
2026-06-03 11:24:39,501 [flam.orchestrator] INFO — [auth-service] starting → 'FlamAuth'
2026-06-03 11:24:41,521 [flam.orchestrator] ERROR — [auth-service] ✗ command exited immediately
2026-06-03 12:39:52,614 [flam.orchestrator] INFO — [auth-service] starting → 'FlamAuth'
2026-06-03 12:39:54,646 [flam.orchestrator] ERROR — [auth-service] ✗ command exited immediately
2026-06-03 12:48:29,910 [flam.orchestrator] INFO — [vault] starting → 'FlamVault'
2026-06-03 12:48:31,923 [flam.orchestrator] INFO — [vault] ✓ started
2026-06-03 12:50:14,164 [flam.orchestrator] INFO — [auth-service] starting → 'FlamAuth'
2026-06-03 12:50:16,186 [flam.orchestrator] ERROR — [auth-service] ✗ command exited immediately
2026-06-03 13:00:30,061 [flam.orchestrator] INFO — [nginx] starting → 'FlamNginx'
2026-06-03 13:00:32,075 [flam.orchestrator] INFO — [nginx] ✓ started
2026-06-03 13:02:09,686 [flam.orchestrator] INFO — [cf-root] stopping 'FlamTunnelRoot'
2026-06-03 13:02:09,694 [flam.orchestrator] INFO — [cf-root] ✓ stopped
2026-06-03 13:02:18,226 [flam.orchestrator] INFO — [root-web] stopping 'FlamRootWeb'
2026-06-03 13:02:18,234 [flam.orchestrator] INFO — [root-web] ✓ stopped
2026-06-03 13:02:27,619 [flam.orchestrator] INFO — [root-web] starting → 'FlamRootWeb'
2026-06-03 13:02:29,644 [flam.orchestrator] INFO — [root-web] ✓ started
2026-06-03 13:02:38,049 [flam.orchestrator] INFO — [cf-root] starting → 'FlamTunnelRoot'
2026-06-03 13:02:40,063 [flam.orchestrator] INFO — [cf-root] ✓ started
2026-06-03 13:10:44,643 [flam.orchestrator] INFO — [nginx] starting → 'FlamNginx'
2026-06-03 13:10:46,655 [flam.orchestrator] INFO — [nginx] ✓ started
2026-06-03 13:13:13,106 [flam.watchdog] INFO — Watchdog started — interval=10s, restart_limit=5
2026-06-03 14:07:04,780 [flam.orchestrator] INFO — [nginx] already stopped
2026-06-03 14:07:10,588 [flam.orchestrator] INFO — [nginx] starting → 'FlamNginx'
2026-06-03 14:07:12,599 [flam.orchestrator] INFO — [nginx] ✓ started
2026-06-03 15:01:20,750 [flam.orchestrator] INFO — [auth-bootstrap] starting → 'FlamAuthBootstrap'
2026-06-03 15:01:22,778 [flam.orchestrator] INFO — [auth-bootstrap] ✓ started
2026-06-03 15:02:01,575 [flam.orchestrator] INFO — [auth-service] starting → 'FlamAuth'
2026-06-03 15:02:03,594 [flam.orchestrator] ERROR — [auth-service] ✗ command exited immediately
2026-06-03 15:32:11,123 [flam.orchestrator] INFO — [auth-service] starting → 'FlamAuth'
2026-06-03 15:32:13,146 [flam.orchestrator] INFO — [auth-service] ✓ started
2026-06-03 15:34:54,916 [flam.orchestrator] INFO — [cf-auth] starting → 'FlamTunnelAuth'
2026-06-03 15:34:56,937 [flam.orchestrator] INFO — [cf-auth] ✓ started
2026-06-03 15:50:30,049 [flam.orchestrator] INFO — [cf-auth] stopping 'FlamTunnelAuth'
2026-06-03 15:50:30,056 [flam.orchestrator] INFO — [cf-auth] ✓ stopped
2026-06-03 15:50:36,143 [flam.orchestrator] INFO — [cf-auth] starting → 'FlamTunnelAuth'
2026-06-03 15:50:38,157 [flam.orchestrator] INFO — [cf-auth] ✓ started
2026-06-03 23:06:06,377 [flam.orchestrator] INFO — [nginx] already stopped
2026-06-03 23:06:23,027 [flam.orchestrator] INFO — [nginx] starting → 'FlamNginx'
2026-06-03 23:06:25,040 [flam.orchestrator] INFO — [nginx] ✓ started
2026-06-04 00:08:12,186 [flam.orchestrator] INFO — [chat] starting → 'FlamChat'
2026-06-04 00:08:14,205 [flam.orchestrator] ERROR — [chat] ✗ command exited immediately
2026-06-04 00:12:55,739 [flam.orchestrator] INFO — [chat] starting → 'FlamChat'
2026-06-04 00:12:57,751 [flam.orchestrator] INFO — [chat] ✓ started
2026-06-04 00:18:03,511 [flam.orchestrator] INFO — [nginx] already stopped
2026-06-04 00:18:09,568 [flam.orchestrator] INFO — [nginx] starting → 'FlamNginx'
2026-06-04 00:18:11,579 [flam.orchestrator] INFO — [nginx] ✓ started
2026-06-04 00:24:44,785 [flam.orchestrator] INFO — [chat] stopping 'FlamChat'
2026-06-04 00:24:44,790 [flam.orchestrator] INFO — [chat] ✓ stopped
2026-06-04 00:30:54,482 [flam.orchestrator] INFO — [chat] starting → 'FlamChat'
2026-06-04 00:30:56,501 [flam.orchestrator] ERROR — [chat] ✗ command exited immediately
2026-06-04 00:31:47,972 [flam.orchestrator] INFO — [chat] starting → 'FlamChat'
2026-06-04 00:31:49,987 [flam.orchestrator] INFO — [chat] ✓ started
2026-06-04 00:32:15,471 [flam.orchestrator] INFO — [cf-chat] starting → 'FlamTunnelChat'
2026-06-04 00:32:17,484 [flam.orchestrator] INFO — [cf-chat] ✓ started
2026-06-04 00:58:38,870 [flam.orchestrator] INFO — [maps] starting → 'FlamMaps'
2026-06-04 00:58:40,907 [flam.orchestrator] INFO — [maps] ✓ started
2026-06-04 01:00:37,158 [flam.orchestrator] INFO — [maps] already stopped
2026-06-04 01:00:43,513 [flam.orchestrator] INFO — [maps] starting → 'FlamMaps'
2026-06-04 01:00:45,543 [flam.orchestrator] INFO — [maps] ✓ started
2026-06-04 01:36:06,762 [flam.orchestrator] INFO — [nginx] already stopped
2026-06-04 01:36:17,421 [flam.orchestrator] INFO — [nginx] starting → 'FlamNginx'
2026-06-04 01:36:19,444 [flam.orchestrator] INFO — [nginx] ✓ started
2026-06-04 01:39:19,276 [flam.orchestrator] INFO — [cf-maps] starting → 'FlamTunnelMaps'
2026-06-04 01:39:21,289 [flam.orchestrator] INFO — [cf-maps] ✓ started
2026-06-04 01:49:12,011 [flam.orchestrator] INFO — [nginx] already stopped
2026-06-04 01:49:22,716 [flam.orchestrator] INFO — [nginx] starting → 'FlamNginx'
2026-06-04 01:49:24,733 [flam.orchestrator] INFO — [nginx] ✓ started
2026-06-05 05:37:18,145 [flam.orchestrator] INFO — [root-web] stopping 'FlamRootWeb'
2026-06-05 05:37:18,150 [flam.orchestrator] INFO — [root-web] ✓ stopped
2026-06-05 05:39:31,716 [flam.orchestrator] INFO — [root-web] starting → 'FlamRootWeb'
2026-06-05 05:39:33,741 [flam.orchestrator] INFO — [root-web] ✓ started
2026-06-05 05:55:54,013 [flam.orchestrator] INFO — [root-web] stopping 'FlamRootWeb'
2026-06-05 05:55:54,018 [flam.orchestrator] INFO — [root-web] ✓ stopped
2026-06-05 06:08:22,717 [flam.orchestrator] INFO — [root-web] starting → 'FlamRootWeb'
2026-06-05 06:08:24,731 [flam.orchestrator] INFO — [root-web] ✓ started
2026-06-05 06:50:42,244 [flam.orchestrator] INFO — [games] starting → 'FlamGames'
2026-06-05 06:50:44,256 [flam.orchestrator] INFO — [games] ✓ started
2026-06-05 06:51:40,359 [flam.orchestrator] INFO — [cf-games] starting → 'FlamTunnelGames'
2026-06-05 06:51:42,372 [flam.orchestrator] INFO — [cf-games] ✓ started
2026-06-05 07:01:34,422 [flam.orchestrator] INFO — [nginx] already stopped
2026-06-05 07:01:43,651 [flam.orchestrator] INFO — [nginx] starting → 'FlamNginx'
2026-06-05 07:01:45,664 [flam.orchestrator] INFO — [nginx] ✓ started
2026-06-05 07:05:38,221 [flam.orchestrator] INFO — [cf-games] starting → 'FlamTunnelGames'
2026-06-05 07:05:40,244 [flam.orchestrator] INFO — [cf-games] ✓ started
2026-06-05 07:08:06,038 [flam.orchestrator] INFO — [cf-games] starting → 'FlamTunnelGames'
2026-06-05 07:08:08,048 [flam.orchestrator] INFO — [cf-games] ✓ started
2026-06-05 07:12:03,805 [flam.orchestrator] INFO — [nginx] already stopped
2026-06-05 07:12:10,990 [flam.orchestrator] INFO — [nginx] starting → 'FlamNginx'
2026-06-05 07:12:13,002 [flam.orchestrator] INFO — [nginx] ✓ started
2026-06-05 07:18:12,758 [flam.orchestrator] INFO — [hypntyz] starting → 'FlamHypntyz'
2026-06-05 07:18:14,771 [flam.orchestrator] INFO — [hypntyz] ✓ started
2026-06-05 07:26:14,884 [flam.orchestrator] INFO — [cf-hypntyz] starting → 'FlamTunnelHypntyz'
2026-06-05 07:26:16,900 [flam.orchestrator] INFO — [cf-hypntyz] ✓ started
2026-06-05 07:26:50,968 [flam.orchestrator] INFO — [nginx] already stopped
2026-06-05 07:26:51,059 [flam.orchestrator] INFO — [nginx] starting → 'FlamNginx'
2026-06-05 07:26:53,073 [flam.orchestrator] INFO — [nginx] ✓ started
2026-06-05 11:06:40,266 [flam.orchestrator] INFO — [nginx] already stopped
2026-06-05 11:06:40,357 [flam.orchestrator] INFO — [nginx] starting → 'FlamNginx'
2026-06-05 11:06:42,368 [flam.orchestrator] INFO — [nginx] ✓ started
2026-06-05 11:07:12,422 [flam.orchestrator] INFO — [cf-ingestion] starting → 'FlamTunnelIngestion'
2026-06-05 11:07:14,437 [flam.orchestrator] INFO — [cf-ingestion] ✓ started
2026-06-05 14:17:39,219 [flam.orchestrator] INFO — [nginx] already stopped
2026-06-05 14:17:39,307 [flam.orchestrator] INFO — [nginx] starting → 'FlamNginx'
2026-06-05 14:17:41,317 [flam.orchestrator] INFO — [nginx] ✓ started
2026-06-05 14:20:35,253 [flam.orchestrator] INFO — [ingestion] starting → 'FlamIngestion'
2026-06-05 14:20:37,271 [flam.orchestrator] INFO — [ingestion] ✓ started
2026-06-05 19:25:02,960 [flam.orchestrator] INFO — [cf-ingestion] stopping 'FlamTunnelIngestion'
2026-06-05 19:25:02,965 [flam.orchestrator] INFO — [cf-ingestion] ✓ stopped
2026-06-05 19:26:00,479 [flam.orchestrator] INFO — [ingestion] stopping 'FlamIngestion'
2026-06-05 19:26:00,485 [flam.orchestrator] INFO — [ingestion] ✓ stopped
2026-06-06 21:08:52,081 [flam.orchestrator] INFO — [broker] starting → 'FlamRmqtt'
2026-06-06 21:08:54,098 [flam.orchestrator] ERROR — [broker] ✗ command exited immediately
2026-06-06 21:15:06,001 [flam.orchestrator] INFO — [broker] starting → 'FlamRmqtt'
2026-06-06 21:15:08,021 [flam.orchestrator] ERROR — [broker] ✗ command exited immediately
2026-06-06 21:19:45,259 [flam.orchestrator] INFO — [broker] starting → 'FlamRmqtt'
2026-06-06 21:19:47,278 [flam.orchestrator] ERROR — [broker] ✗ command exited immediately
2026-06-06 21:25:43,690 [flam.orchestrator] INFO — [broker] starting → 'FlamRmqtt'
2026-06-06 21:25:45,702 [flam.orchestrator] INFO — [broker] ✓ started
2026-06-06 22:40:50,766 [flam.orchestrator] INFO — [redis-cluster] starting → 'FlamRedisCluster'
2026-06-06 22:40:52,785 [flam.orchestrator] ERROR — [redis-cluster] ✗ command exited immediately
2026-06-06 22:42:02,165 [flam.orchestrator] INFO — [redis-cluster] starting → 'FlamRedisCluster'
2026-06-06 22:42:04,183 [flam.orchestrator] ERROR — [redis-cluster] ✗ command exited immediately
2026-06-06 22:48:25,964 [flam.orchestrator] INFO — [redis-cluster] starting → 'FlamRedisCluster'
2026-06-06 22:48:27,980 [flam.orchestrator] ERROR — [redis-cluster] ✗ command exited immediately
2026-06-06 22:51:58,382 [flam.orchestrator] INFO — [redis-cluster] starting → 'FlamRedisCluster'
2026-06-06 22:52:00,401 [flam.orchestrator] ERROR — [redis-cluster] ✗ command exited immediately
2026-06-06 22:54:45,714 [flam.orchestrator] INFO — [redis-cluster] starting → 'FlamRedisCluster'
2026-06-06 22:54:47,744 [flam.orchestrator] ERROR — [redis-cluster] ✗ command exited immediately
2026-06-06 23:22:10,019 [flam.orchestrator] INFO — [redis-cluster] starting → 'FlamRedisCluster'
2026-06-06 23:22:12,044 [flam.orchestrator] INFO — [redis-cluster] ✓ started
2026-06-06 23:24:17,880 [flam.orchestrator] INFO — [redis-cluster] already running in FlamRedisCluster
2026-06-06 23:31:31,516 [flam.orchestrator] INFO — [redis-cluster] stopping 'FlamRedisCluster'
2026-06-06 23:31:31,522 [flam.orchestrator] INFO — [redis-cluster] ✓ stopped
2026-06-06 23:31:40,650 [flam.orchestrator] INFO — [redis-cluster] starting → 'FlamRedisCluster'
2026-06-06 23:31:42,663 [flam.orchestrator] INFO — [redis-cluster] ✓ started
2026-06-06 23:39:44,819 [flam.orchestrator] INFO — [redis-cluster] stopping 'FlamRedisCluster'
2026-06-06 23:39:44,825 [flam.orchestrator] INFO — [redis-cluster] ✓ stopped
2026-06-06 23:39:54,079 [flam.orchestrator] INFO — [redis-cluster] starting → 'FlamRedisCluster'
2026-06-06 23:39:56,093 [flam.orchestrator] INFO — [redis-cluster] ✓ started
2026-06-06 23:43:45,438 [flam.orchestrator] INFO — [ingestion] starting → 'FlamIngestion'
2026-06-06 23:43:47,456 [flam.orchestrator] INFO — [ingestion] ✓ started
2026-06-07 00:05:20,775 [flam.orchestrator] INFO — [ingestion] stopping 'FlamIngestion'
2026-06-07 00:05:20,781 [flam.orchestrator] INFO — [ingestion] ✓ stopped
2026-06-07 00:05:59,372 [flam.orchestrator] INFO — [clickhouse] starting → 'FlamClickhouse'
2026-06-07 00:06:01,391 [flam.orchestrator] ERROR — [clickhouse] ✗ command exited immediately
2026-06-07 00:07:07,414 [flam.orchestrator] INFO — [clickhouse] starting → 'FlamClickhouse'
2026-06-07 00:07:09,426 [flam.orchestrator] INFO — [clickhouse] ✓ started
2026-06-07 00:07:36,094 [flam.orchestrator] INFO — [ingestion] starting → 'FlamIngestion'
2026-06-07 00:07:38,115 [flam.orchestrator] INFO — [ingestion] ✓ started
2026-06-07 00:55:59,450 [flam.orchestrator] INFO — [gcdf-celery] starting → 'FlamCRMCelery'
2026-06-07 00:56:01,463 [flam.orchestrator] INFO — [gcdf-celery] ✓ started
2026-06-07 00:56:48,503 [flam.orchestrator] INFO — [gcdf-celery] stopping 'FlamCRMCelery'
2026-06-07 00:56:48,509 [flam.orchestrator] INFO — [gcdf-celery] ✓ stopped
2026-06-07 01:24:18,617 [flam.orchestrator] INFO — [gcdf-frontend] starting → 'FlamCRMFrontend'
2026-06-07 01:24:20,633 [flam.orchestrator] INFO — [gcdf-frontend] ✓ started
2026-06-07 01:39:26,370 [flam.orchestrator] INFO — [gcdf-celery] starting → 'FlamCRMCelery'
2026-06-07 01:39:28,382 [flam.orchestrator] INFO — [gcdf-celery] ✓ started
2026-06-07 01:57:40,808 [flam.orchestrator] INFO — [gcdf-redis] starting → 'FlamCRMRedis'
2026-06-07 01:57:42,821 [flam.orchestrator] INFO — [gcdf-redis] ✓ started
2026-06-07 01:58:57,213 [flam.orchestrator] INFO — [gcdf-celery] starting → 'FlamCRMCelery'
2026-06-07 01:58:59,231 [flam.orchestrator] INFO — [gcdf-celery] ✓ started
2026-06-07 02:00:55,486 [flam.orchestrator] INFO — [gcdf-celery] stopping 'FlamCRMCelery'
2026-06-07 02:00:55,492 [flam.orchestrator] INFO — [gcdf-celery] ✓ stopped
2026-06-07 02:03:39,309 [flam.orchestrator] INFO — [gcdf-celery] starting → 'FlamCRMCelery'
2026-06-07 02:03:41,323 [flam.orchestrator] INFO — [gcdf-celery] ✓ started
2026-06-07 03:43:56,193 [flam.watchdog] INFO — Watchdog started — interval=10s, restart_limit=5
2026-06-07 03:44:17,494 [flam.watchdog] INFO — Watchdog started — interval=10s, restart_limit=5
2026-06-07 20:19:24,484 [flam.orchestrator] INFO — [cf-ingestion] starting → 'FlamTunnelIngestionControl'
2026-06-07 20:19:26,496 [flam.orchestrator] INFO — [cf-ingestion] ✓ started
2026-06-07 20:42:26,646 [flam.orchestrator] INFO — [cf-gcdf] starting → 'FlamTunnelCRM'
2026-06-07 20:42:28,657 [flam.orchestrator] INFO — [cf-gcdf] ✓ started
2026-06-07 21:42:28,101 [flam.orchestrator] INFO — [gcdf-backend] starting → 'FlamCRMBackend'
2026-06-07 21:42:30,117 [flam.orchestrator] INFO — [gcdf-backend] ✓ started
2026-06-07 21:44:28,076 [flam.orchestrator] INFO — [gcdf-backend] starting → 'FlamCRMBackend'
2026-06-07 21:44:30,091 [flam.orchestrator] INFO — [gcdf-backend] ✓ started
2026-06-07 21:57:53,010 [flam.orchestrator] INFO — [nginx] already stopped
2026-06-07 21:57:57,669 [flam.orchestrator] INFO — [nginx] starting → 'FlamNginx'
2026-06-07 21:57:59,683 [flam.orchestrator] INFO — [nginx] ✓ started
2026-06-07 21:58:13,111 [flam.orchestrator] INFO — [cf-gcdf] stopping 'FlamTunnelCRM'
2026-06-07 21:58:13,116 [flam.orchestrator] INFO — [cf-gcdf] ✓ stopped
2026-06-07 21:58:20,891 [flam.orchestrator] INFO — [cf-gcdf] starting → 'FlamTunnelCRM'
2026-06-07 21:58:22,903 [flam.orchestrator] INFO — [cf-gcdf] ✓ started
2026-06-07 22:04:55,147 [flam.orchestrator] INFO — [cf-gcdf] stopping 'FlamTunnelCRM'
2026-06-07 22:04:55,154 [flam.orchestrator] INFO — [cf-gcdf] ✓ stopped
2026-06-07 22:06:05,417 [flam.orchestrator] INFO — [cf-gcdf] starting → 'FlamTunnelCRM'
2026-06-07 22:06:07,436 [flam.orchestrator] INFO — [cf-gcdf] ✓ started
2026-06-07 22:13:37,590 [flam.orchestrator] INFO — [cf-gcdf] starting → 'FlamTunnelCRM'
2026-06-07 22:13:39,605 [flam.orchestrator] INFO — [cf-gcdf] ✓ started
2026-06-07 22:30:24,608 [flam.orchestrator] INFO — [cf-broker] starting → 'FlamTunnelBroker'
2026-06-07 22:30:26,624 [flam.orchestrator] INFO — [cf-broker] ✓ started
2026-06-07 23:00:32,611 [flam.orchestrator] INFO — [broker] stopping 'FlamRmqtt'
2026-06-07 23:00:32,616 [flam.orchestrator] INFO — [broker] ✓ stopped
2026-06-07 23:13:37,344 [flam.orchestrator] INFO — [broker] starting → 'FlamRmqtt'
2026-06-07 23:13:39,364 [flam.orchestrator] ERROR — [broker] ✗ command exited immediately
2026-06-07 23:16:50,687 [flam.orchestrator] INFO — [broker] starting → 'FlamRmqtt'
2026-06-07 23:16:52,707 [flam.orchestrator] ERROR — [broker] ✗ command exited immediately
2026-06-07 23:25:50,480 [flam.orchestrator] INFO — [broker] starting → 'FlamRmqtt'
2026-06-07 23:25:52,496 [flam.orchestrator] INFO — [broker] ✓ started
2026-06-08 00:31:16,269 [flam.orchestrator] INFO — [broker] stopping 'FlamRmqtt'
2026-06-08 00:31:16,276 [flam.orchestrator] INFO — [broker] ✓ stopped
2026-06-08 00:31:23,019 [flam.orchestrator] INFO — [broker] starting → 'FlamRmqtt'
2026-06-08 00:31:25,044 [flam.orchestrator] ERROR — [broker] ✗ command exited immediately
2026-06-08 00:33:09,978 [flam.orchestrator] INFO — [broker] starting → 'FlamRmqtt'
2026-06-08 00:33:11,999 [flam.orchestrator] ERROR — [broker] ✗ command exited immediately
2026-06-08 00:33:40,776 [flam.orchestrator] INFO — [broker] starting → 'FlamRmqtt'
2026-06-08 00:33:42,796 [flam.orchestrator] ERROR — [broker] ✗ command exited immediately
2026-06-08 00:40:33,158 [flam.orchestrator] INFO — [broker] already stopped
2026-06-08 00:40:38,983 [flam.orchestrator] INFO — [broker] starting → 'FlamRmqtt'
2026-06-08 00:40:40,999 [flam.orchestrator] INFO — [broker] ✓ started
2026-06-08 00:41:43,487 [flam.orchestrator] INFO — [broker] already stopped
2026-06-08 00:41:48,654 [flam.orchestrator] INFO — [broker] starting → 'FlamBroker'
2026-06-08 00:41:50,669 [flam.orchestrator] INFO — [broker] ✓ started
2026-06-08 01:06:23,808 [flam.orchestrator] INFO — [broker] starting → 'FlamBroker'
2026-06-08 01:06:25,824 [flam.orchestrator] INFO — [broker] ✓ started
2026-06-08 01:08:08,637 [flam.orchestrator] INFO — [nginx] already stopped
2026-06-08 01:08:13,493 [flam.orchestrator] INFO — [nginx] starting → 'FlamNginx'
2026-06-08 01:08:15,508 [flam.orchestrator] INFO — [nginx] ✓ started
2026-06-08 01:09:35,247 [flam.orchestrator] INFO — [broker] starting → 'FlamBroker'
2026-06-08 01:09:37,260 [flam.orchestrator] INFO — [broker] ✓ started
2026-06-11 00:12:51,192 [flam.orchestrator] INFO — [hypntyz] stopping 'FlamHypntyz'
2026-06-11 00:12:51,197 [flam.orchestrator] INFO — [hypntyz] ✓ stopped
2026-06-11 00:13:11,378 [flam.orchestrator] INFO — [hypntyz] starting → 'FlamHypntyz'
2026-06-11 00:13:13,390 [flam.orchestrator] INFO — [hypntyz] ✓ started
2026-06-13 00:16:25,950 [flam.orchestrator] INFO — [gatebil-backend] starting → 'FlamGatebillBackend'
2026-06-13 00:16:27,969 [flam.orchestrator] INFO — [gatebil-backend] ✓ started
2026-06-13 00:24:01,709 [flam.orchestrator] INFO — [guelmimasafi] starting → 'FlamGuelmimAsafi'
2026-06-13 00:24:03,733 [flam.orchestrator] ERROR — [guelmimasafi] ✗ command exited immediately
2026-06-13 16:36:07,719 [flam.orchestrator] INFO — [hypntyz] starting → 'FlamHypntyz'
2026-06-13 16:36:09,735 [flam.orchestrator] INFO — [hypntyz] ✓ started
2026-06-15 00:26:21,162 [flam.orchestrator] INFO — [gatebil-frontend] starting → 'FlamGatebilFrontend'
2026-06-15 00:26:23,189 [flam.orchestrator] ERROR — [gatebil-frontend] ✗ command exited immediately
2026-06-15 00:28:26,090 [flam.orchestrator] INFO — [gatebil-frontend] starting → 'FlamGatebilFrontend'
2026-06-15 00:28:28,119 [flam.orchestrator] ERROR — [gatebil-frontend] ✗ command exited immediately
2026-06-15 00:29:14,461 [flam.orchestrator] INFO — [gatebil-frontend] starting → 'FlamGatebilFrontend'
2026-06-15 00:29:16,482 [flam.orchestrator] ERROR — [gatebil-frontend] ✗ command exited immediately
2026-06-15 00:30:41,611 [flam.orchestrator] INFO — [gatebil-frontend] starting → 'FlamGatebilFrontend'
2026-06-15 00:30:43,631 [flam.orchestrator] INFO — [gatebil-frontend] ✓ started
2026-06-15 00:52:44,058 [flam.orchestrator] INFO — [gatebil-frontend] stopping 'FlamGatebilFrontend'
2026-06-15 00:52:44,065 [flam.orchestrator] INFO — [gatebil-frontend] ✓ stopped
2026-06-15 00:52:50,953 [flam.orchestrator] INFO — [gatebil-frontend] starting → 'FlamGatebilFrontend'
2026-06-15 00:52:52,986 [flam.orchestrator] ERROR — [gatebil-frontend] ✗ command exited immediately
2026-06-15 00:53:14,936 [flam.orchestrator] INFO — [gatebil-frontend] starting → 'FlamGatebilFrontend'
2026-06-15 00:53:16,966 [flam.orchestrator] ERROR — [gatebil-frontend] ✗ command exited immediately
2026-06-15 00:55:20,370 [flam.orchestrator] INFO — [gatebil-frontend] starting → 'FlamGatebilFrontend'
2026-06-15 00:55:22,397 [flam.orchestrator] ERROR — [gatebil-frontend] ✗ command exited immediately
2026-06-15 00:58:59,394 [flam.orchestrator] INFO — [gatebil-frontend] starting → 'FlamGatebilFrontend'
2026-06-15 00:59:01,420 [flam.orchestrator] ERROR — [gatebil-frontend] ✗ command exited immediately
2026-06-15 01:13:29,637 [flam.orchestrator] INFO — [gatebil-frontend] starting → 'FlamGatebilFrontend'
2026-06-15 01:13:31,654 [flam.orchestrator] INFO — [gatebil-frontend] ✓ started
2026-06-15 01:19:32,509 [flam.orchestrator] INFO — [cf-gatebil] starting → 'FlamTunnelGatebil'
2026-06-15 01:19:34,529 [flam.orchestrator] ERROR — [cf-gatebil] ✗ command exited immediately
2026-06-15 01:21:07,683 [flam.orchestrator] INFO — [cf-gatebil] starting → 'FlamTunnelGatebil'
2026-06-15 01:21:09,700 [flam.orchestrator] INFO — [cf-gatebil] ✓ started
2026-06-16 02:12:28,169 [flam.orchestrator] INFO — [scylladb] starting → 'FlamScyllaDB'
2026-06-16 02:12:30,197 [flam.orchestrator] ERROR — [scylladb] ✗ command exited immediately
2026-06-16 02:14:09,123 [flam.orchestrator] INFO — [scylladb] starting → 'FlamScyllaDB'
2026-06-16 02:14:11,142 [flam.orchestrator] INFO — [scylladb] ✓ started
2026-06-16 02:14:43,293 [flam.orchestrator] INFO — [guelmimasafi] starting → 'FlamGuelmimAsafi'
2026-06-16 02:14:45,319 [flam.orchestrator] ERROR — [guelmimasafi] ✗ command exited immediately
2026-06-16 02:17:17,333 [flam.orchestrator] INFO — [guelmimasafi] starting → 'FlamGuelmimAsafi'
2026-06-16 02:17:19,347 [flam.orchestrator] INFO — [guelmimasafi] ✓ started
2026-06-16 02:23:52,615 [flam.orchestrator] INFO — [cf-guelmimasafi] starting → 'FlamTunnelGuelmimAsafi'
2026-06-16 02:23:54,633 [flam.orchestrator] INFO — [cf-guelmimasafi] ✓ started
2026-06-16 02:38:05,436 [flam.orchestrator] INFO — [nginx] already stopped
2026-06-16 02:38:05,523 [flam.orchestrator] INFO — [nginx] starting → 'FlamNginx'
2026-06-16 02:38:07,538 [flam.orchestrator] INFO — [nginx] ✓ started
2026-06-18 12:03:02,473 [flam.orchestrator] INFO — [auth-service] stopping 'FlamAuth'
2026-06-18 12:03:02,481 [flam.orchestrator] INFO — [auth-service] ✓ stopped
2026-06-18 23:48:19,239 [flam.orchestrator] INFO — [vault] starting → 'FlamVault'
2026-06-18 23:48:21,257 [flam.orchestrator] INFO — [vault] ✓ started
2026-06-18 23:50:17,809 [flam.orchestrator] INFO — [auth-bootstrap] starting → 'FlamAuthBootstrap'
2026-06-18 23:50:19,838 [flam.orchestrator] INFO — [auth-bootstrap] ✓ started
2026-06-18 23:50:28,860 [flam.orchestrator] INFO — [auth-service] starting → 'FlamAuth'
2026-06-18 23:50:30,885 [flam.orchestrator] ERROR — [auth-service] ✗ command exited immediately
2026-06-18 23:51:47,312 [flam.orchestrator] INFO — [vault] starting → 'FlamVault'
2026-06-18 23:51:49,326 [flam.orchestrator] INFO — [vault] ✓ started
2026-06-18 23:52:48,881 [flam.orchestrator] INFO — [auth-bootstrap] starting → 'FlamAuthBootstrap'
2026-06-18 23:52:50,914 [flam.orchestrator] INFO — [auth-bootstrap] ✓ started
2026-06-18 23:53:09,066 [flam.orchestrator] INFO — [auth-service] starting → 'FlamAuth'
2026-06-18 23:53:11,082 [flam.orchestrator] INFO — [auth-service] ✓ started
2026-06-18 23:53:45,524 [flam.orchestrator] INFO — [auth-service] starting → 'FlamAuth'
2026-06-18 23:53:47,540 [flam.orchestrator] INFO — [auth-service] ✓ started
2026-06-19 00:50:38,709 [flam.orchestrator] INFO — [root-web] starting → 'FlamRootWeb'
2026-06-19 00:50:40,726 [flam.orchestrator] INFO — [root-web] ✓ started
2026-06-19 01:01:30,530 [flam.orchestrator] INFO — [hypntyz] stopping 'FlamHypntyz'
2026-06-19 01:01:30,537 [flam.orchestrator] INFO — [hypntyz] ✓ stopped
2026-06-19 01:11:51,516 [flam.orchestrator] INFO — [hypntyz] starting → 'FlamHypntyz'
2026-06-19 01:11:53,530 [flam.orchestrator] INFO — [hypntyz] ✓ started
2026-06-19 01:50:26,574 [flam.orchestrator] INFO — [sh3k3m] starting → 'FlamSh3k3m'
2026-06-19 01:50:28,599 [flam.orchestrator] ERROR — [sh3k3m] ✗ command exited immediately
2026-06-19 01:54:15,698 [flam.orchestrator] INFO — [sh3k3m] starting → 'FlamSh3k3m'
2026-06-19 01:54:17,724 [flam.orchestrator] ERROR — [sh3k3m] ✗ command exited immediately
2026-06-19 01:55:13,586 [flam.orchestrator] INFO — [sh3k3m] starting → 'FlamSh3k3m'
2026-06-19 01:55:15,608 [flam.orchestrator] ERROR — [sh3k3m] ✗ command exited immediately
2026-06-19 01:56:29,366 [flam.orchestrator] INFO — [sh3k3m] starting → 'FlamSh3k3m'
2026-06-19 01:56:31,393 [flam.orchestrator] ERROR — [sh3k3m] ✗ command exited immediately
2026-06-19 02:26:24,888 [flam.orchestrator] INFO — [redis-cluster] stopping 'FlamRedisCluster'
2026-06-19 02:26:24,898 [flam.orchestrator] INFO — [redis-cluster] ✓ stopped
2026-06-19 02:28:27,944 [flam.orchestrator] INFO — [redis-cluster] starting → 'FlamRedisCluster'
2026-06-19 02:28:29,963 [flam.orchestrator] INFO — [redis-cluster] ✓ started
